----------------------------------------------------------------
Tue Mar 01 08:42:45 GMT 2022:
Booting Derby version The Apache Software Foundation - Apache Derby - 10.11.1.1 - (1616546): instance a816c00e-017f-44a5-67f8-0000010cb200 
on database directory memory:C:\Users\kiera\Documents\GitHub\ATM_Server\b2d102f3-f379-4946-9046-684183867c2a with class loader jdk.internal.loader.ClassLoaders$AppClassLoader@4e0e2f2a 
Loaded from file:/C:/Users/kiera/.m2/repository/org/apache/derby/derby/10.11.1.1/derby-10.11.1.1.jar
java.vendor=Oracle Corporation
java.runtime.version=13.0.2+8
user.dir=C:\Users\kiera\Documents\GitHub\ATM_Server
os.name=Windows 10
os.arch=amd64
os.version=10.0
derby.system.home=null
Database Class Loader started - derby.database.classpath=''
----------------------------------------------------------------
Tue Mar 01 08:42:46 GMT 2022:
Booting Derby version The Apache Software Foundation - Apache Derby - 10.11.1.1 - (1616546): instance c87100b8-017f-44a5-67f8-0000010cb200 
on database directory memory:C:\Users\kiera\Documents\GitHub\ATM_Server\testdb with class loader jdk.internal.loader.ClassLoaders$AppClassLoader@4e0e2f2a 
Loaded from file:/C:/Users/kiera/.m2/repository/org/apache/derby/derby/10.11.1.1/derby-10.11.1.1.jar
java.vendor=Oracle Corporation
java.runtime.version=13.0.2+8
user.dir=C:\Users\kiera\Documents\GitHub\ATM_Server
os.name=Windows 10
os.arch=amd64
os.version=10.0
derby.system.home=null
derby.stream.error.method=org.springframework.jdbc.datasource.embedded.OutputStreamFactory.getNoopOutputStream
Database Class Loader started - derby.database.classpath=''
